"blank"			"=========================="
"blank"			"#Valve_Movement_Title"
"blank"			"=========================="
"+forward"		"#Valve_Move_Forward"
"+back"			"#Valve_Move_Back"
"+left"			"#Valve_Turn_Left"
"+right"		"#Valve_Turn_Right"
"+moveleft"		"#Valve_Move_Left"
"+moveright"	"#Valve_Move_Right"
"+jump"			"#Valve_Jump"
"+moveup"		"#Valve_Swim_Up"
"+movedown"		"#Valve_Swim_Down"
"+lookup"		"#Valve_Look_Up"
"+lookdown"		"#Valve_Look_Down"
"centerview"	"#Valve_Look_Straight_Ahead"
"+strafe"		"#Valve_Strafe_Modifier"
"+mlook"		"#Valve_Mouse_Look_Modifier"
"+klook"		"#Valve_Keyboard_Look_Modifier"
"blank"			"=========================="
"blank"			"#Valve_Communication_Title"
"blank"			"=========================="
"+voicerecord"	"#Valve_Use_Voice_Communication"
"+commandmenu"	"#Valve_Activate_In_Game_GUI"
"messagemode"	"#Valve_Chat_Message"
"messagemode2"	"#Valve_Team_Message"
"blank"			"=========================="
"blank"			"#Valve_Combat_Title"
"blank"			"=========================="
"+attack"		"#Valve_Primary_Attack"
"slot1"			"#DMC_Axe"
"slot2"			"#DMC_Shotgun"
"slot3" 		"#DMC_Super_Shotgun"
"slot4"			"#DMC_Nailgun"
"slot5"			"#DMC_Super_Nailgun"
"slot6"			"#DMC_Grenade_Launcher"
"slot7"			"#DMC_Rocket_Launcher"
"slot8"			"#DMC_Lightning_Gun"
"invprev"		"#Valve_Previous_Weapon"
"invnext"		"#Valve_Next_Weapon"
"blank"			"=========================="
"blank"			"#Valve_Miscellaneous_Title"
"blank"			"=========================="
"+showscores"	"#Valve_Display_Scores"
"snapshot"		"#Valve_Take_Screen_Shot"
"quit"			"#Valve_Quit_Game"
"impulse 201"	"#Valve_Spray_Logo"
	